<?xml version="1.0" encoding="UTF-8"?>
<!-- Generated by org.testng.reporters.JUnitXMLReporter -->
<testsuite ignored="0" hostname="PW03VNG0" failures="1" tests="1" name="Regression" time="0.019" errors="0" timestamp="21 Oct 2023 12:22:58 GMT">
  <testcase classname="keywordDrivenExecute.FieldValidateScripts" name="runScripts" time="0.004">
    <failure type="java.lang.NoClassDefFoundError" message="org/openqa/selenium/internal/BuildInfo">
      <![CDATA[java.lang.NoClassDefFoundError: org/openqa/selenium/internal/BuildInfo
at atu.testng.reports.utils.Platform.<clinit>(Unknown Source)
at atu.testng.reports.listeners.ATUReportsListener.setPlatfromBrowserDetails(Unknown Source)
at atu.testng.reports.listeners.MethodListener.beforeInvocation(Unknown Source)
Caused by: java.lang.ClassNotFoundException: org.openqa.selenium.internal.BuildInfo
at java.base/jdk.internal.loader.BuiltinClassLoader.loadClass(BuiltinClassLoader.java:641)
at java.base/jdk.internal.loader.ClassLoaders$AppClassLoader.loadClass(ClassLoaders.java:188)
at java.base/java.lang.ClassLoader.loadClass(ClassLoader.java:520)
... 26 more
... Removed 23 stack frames]]>
    </failure>
  </testcase> <!-- runScripts -->
</testsuite> <!-- Regression -->
