<?xml version="1.0" encoding="UTF-8"?>
<testng-results ignored="0" total="1" passed="1" failed="0" skipped="0">
  <reporter-output>
  </reporter-output>
  <suite started-at="2023-05-12T20:56:12 IST" name="Suite" finished-at="2023-05-12T20:56:23 IST" duration-ms="10701">
    <groups>
    </groups>
    <test started-at="2023-05-12T20:56:12 IST" name="Test" finished-at="2023-05-12T20:56:23 IST" duration-ms="10701">
      <class name="demo.GoogleTC">
        <test-method signature="openBroser()[pri:0, instance:demo.GoogleTC@80169cf]" started-at="2023-05-12T20:56:13 IST" name="openBroser" finished-at="2023-05-12T20:56:23 IST" duration-ms="10673" status="PASS">
          <reporter-output>
          </reporter-output>
        </test-method> <!-- openBroser -->
      </class> <!-- demo.GoogleTC -->
    </test> <!-- Test -->
  </suite> <!-- Suite -->
</testng-results>
