<?xml version="1.0" encoding="UTF-8"?>
<testng-results ignored="0" total="1" passed="1" failed="0" skipped="0">
  <reporter-output>
    <line>
      <![CDATA[STEP1]]>
    </line>
    <line>
      <![CDATA[STEP2]]>
    </line>
    <line>
      <![CDATA[STEP3]]>
    </line>
    <line>
      <![CDATA[STEP4]]>
    </line>
    <line>
      <![CDATA[STEP5]]>
    </line>
    <line>
      <![CDATA[STEP6]]>
    </line>
    <line>
      <![CDATA[STEP7]]>
    </line>
    <line>
      <![CDATA[STEP8]]>
    </line>
    <line>
      <![CDATA[STEP9]]>
    </line>
    <line>
      <![CDATA[STEP10]]>
    </line>
    <line>
      <![CDATA[STEP11]]>
    </line>
    <line>
      <![CDATA[STEP12]]>
    </line>
    <line>
      <![CDATA[STEP13]]>
    </line>
  </reporter-output>
  <suite started-at="2023-10-21T19:18:04 IST" name="Demo Lab" finished-at="2023-10-21T19:18:08 IST" duration-ms="4639">
    <groups>
    </groups>
    <test started-at="2023-10-21T19:18:04 IST" name="Regression" finished-at="2023-10-21T19:18:08 IST" duration-ms="4639">
      <class name="keywordDrivenExecute.FieldValidateScripts">
        <test-method signature="runScripts()[pri:0, instance:keywordDrivenExecute.FieldValidateScripts@5b8dfcc1]" started-at="2023-10-21T19:18:04 IST" name="runScripts" finished-at="2023-10-21T19:18:08 IST" duration-ms="4617" status="PASS">
          <reporter-output>
            <line>
              <![CDATA[STEP1]]>
            </line>
            <line>
              <![CDATA[STEP2]]>
            </line>
            <line>
              <![CDATA[STEP3]]>
            </line>
            <line>
              <![CDATA[STEP4]]>
            </line>
            <line>
              <![CDATA[STEP5]]>
            </line>
            <line>
              <![CDATA[STEP6]]>
            </line>
            <line>
              <![CDATA[STEP7]]>
            </line>
            <line>
              <![CDATA[STEP8]]>
            </line>
            <line>
              <![CDATA[STEP9]]>
            </line>
            <line>
              <![CDATA[STEP10]]>
            </line>
            <line>
              <![CDATA[STEP11]]>
            </line>
            <line>
              <![CDATA[STEP12]]>
            </line>
            <line>
              <![CDATA[STEP13]]>
            </line>
          </reporter-output>
        </test-method> <!-- runScripts -->
      </class> <!-- keywordDrivenExecute.FieldValidateScripts -->
    </test> <!-- Regression -->
  </suite> <!-- Demo Lab -->
</testng-results>
